<?xml version="1.0" encoding="UTF-8"?>
<testng-results ignored="0" total="1" passed="1" failed="0" skipped="0">
  <reporter-output>
  </reporter-output>
  <suite started-at="2020-12-15T22:34:34Z" name="Default suite" finished-at="2020-12-15T22:35:04Z" duration-ms="30240">
    <groups>
      <group name="cucumber">
        <method signature="TestRunner.feature(cucumber.api.testng.CucumberFeatureWrapper)[pri:0, instance:myRunner.TestRunner@7b227d8d]" name="feature" class="myRunner.TestRunner"/>
      </group> <!-- cucumber -->
    </groups>
    <test started-at="2020-12-15T22:34:34Z" name="Default test" finished-at="2020-12-15T22:35:04Z" duration-ms="30240">
      <class name="myRunner.TestRunner">
        <test-method is-config="true" signature="setUpClass()[pri:0, instance:myRunner.TestRunner@7b227d8d]" started-at="2020-12-15T22:34:34Z" name="setUpClass" finished-at="2020-12-15T22:34:34Z" duration-ms="221" status="PASS">
          <reporter-output>
          </reporter-output>
        </test-method> <!-- setUpClass -->
        <test-method signature="feature(cucumber.api.testng.CucumberFeatureWrapper)[pri:0, instance:myRunner.TestRunner@7b227d8d]" started-at="2020-12-15T22:34:34Z" name="feature" description="Runs Cucumber Feature" data-provider="features" finished-at="2020-12-15T22:35:04Z" duration-ms="29926" status="PASS">
          <params>
            <param index="0">
              <value>
                <![CDATA[PolicyChange in Homeowners Dwelling]]>
              </value>
            </param>
          </params>
          <reporter-output>
          </reporter-output>
        </test-method> <!-- feature -->
        <test-method is-config="true" signature="tearDownClass()[pri:0, instance:myRunner.TestRunner@7b227d8d]" started-at="2020-12-15T22:35:04Z" name="tearDownClass" finished-at="2020-12-15T22:35:04Z" duration-ms="13" status="PASS">
          <reporter-output>
          </reporter-output>
        </test-method> <!-- tearDownClass -->
      </class> <!-- myRunner.TestRunner -->
    </test> <!-- Default test -->
  </suite> <!-- Default suite -->
</testng-results>
